# JRE version: Java(TM) SE Runtime Environment (8.0_60-b27) (build 1.8.0_60-b27)
# Java VM: Java HotSpot(TM) 64-Bit Server VM (25.60-b23 mixed mode windows-amd64 compressed oops)
Heap:
 PSYoungGen      total 140288K, used 14056K [0x00000000d5d00000, 0x00000000def00000, 0x0000000100000000)
  eden space 132608K, 10% used [0x00000000d5d00000,0x00000000d6a52728,0x00000000dde80000)
  from space 7680K, 5% used [0x00000000de680000,0x00000000de6e7968,0x00000000dee00000)
  to   space 8192K, 0% used [0x00000000dde80000,0x00000000dde80000,0x00000000de680000)
 ParOldGen       total 87552K, used 7573K [0x0000000081600000, 0x0000000086b80000, 0x00000000d5d00000)
  object space 87552K, 8% used [0x0000000081600000,0x0000000081d65490,0x0000000086b80000)
 Metaspace       used 20245K, capacity 21028K, committed 21296K, reserved 1067008K
  class space    used 2642K, capacity 2826K, committed 2944K, reserved 1048576K
GC Heap History (10 events):
Event: 6.074 GC heap before
{Heap before GC invocations=4 (full 0):
 PSYoungGen      total 38400K, used 38307K [0x00000000d5d00000, 0x00000000d8780000, 0x0000000100000000)
  eden space 33280K, 99% used [0x00000000d5d00000,0x00000000d7d6bd78,0x00000000d7d80000)
  from space 5120K, 99% used [0x00000000d7d80000,0x00000000d827cf18,0x00000000d8280000)
  to   space 5120K, 0% used [0x00000000d8280000,0x00000000d8280000,0x00000000d8780000)
 ParOldGen       total 87552K, used 2470K [0x0000000081600000, 0x0000000086b80000, 0x00000000d5d00000)
  object space 87552K, 2% used [0x0000000081600000,0x0000000081869968,0x0000000086b80000)
 Metaspace       used 19679K, capacity 20482K, committed 20736K, reserved 1067008K
  class space    used 2575K, capacity 2781K, committed 2816K, reserved 1048576K
Event: 6.080 GC heap after
Heap after GC invocations=4 (full 0):
 PSYoungGen      total 38400K, used 5104K [0x00000000d5d00000, 0x00000000da800000, 0x0000000100000000)
  eden space 33280K, 0% used [0x00000000d5d00000,0x00000000d5d00000,0x00000000d7d80000)
  from space 5120K, 99% used [0x00000000d8280000,0x00000000d877c388,0x00000000d8780000)
  to   space 5120K, 0% used [0x00000000d7d80000,0x00000000d7d80000,0x00000000d8280000)
 ParOldGen       total 87552K, used 2534K [0x0000000081600000, 0x0000000086b80000, 0x00000000d5d00000)
  object space 87552K, 2% used [0x0000000081600000,0x0000000081879968,0x0000000086b80000)
 Metaspace       used 19679K, capacity 20482K, committed 20736K, reserved 1067008K
  class space    used 2575K, capacity 2781K, committed 2816K, reserved 1048576K
}
Event: 6.090 GC heap before
{Heap before GC invocations=5 (full 0):
 PSYoungGen      total 38400K, used 38311K [0x00000000d5d00000, 0x00000000da800000, 0x0000000100000000)
  eden space 33280K, 99% used [0x00000000d5d00000,0x00000000d7d6d928,0x00000000d7d80000)
  from space 5120K, 99% used [0x00000000d8280000,0x00000000d877c388,0x00000000d8780000)
  to   space 5120K, 0% used [0x00000000d7d80000,0x00000000d7d80000,0x00000000d8280000)
 ParOldGen       total 87552K, used 2534K [0x0000000081600000, 0x0000000086b80000, 0x00000000d5d00000)
  object space 87552K, 2% used [0x0000000081600000,0x0000000081879968,0x0000000086b80000)
 Metaspace       used 19687K, capacity 20482K, committed 20736K, reserved 1067008K
  class space    used 2576K, capacity 2781K, committed 2816K, reserved 1048576K
Event: 6.096 GC heap after
Heap after GC invocations=5 (full 0):
 PSYoungGen      total 38400K, used 5094K [0x00000000d5d00000, 0x00000000dac00000, 0x0000000100000000)
  eden space 33280K, 0% used [0x00000000d5d00000,0x00000000d5d00000,0x00000000d7d80000)
  from space 5120K, 99% used [0x00000000d7d80000,0x00000000d8279bd8,0x00000000d8280000)
  to   space 7168K, 0% used [0x00000000da500000,0x00000000da500000,0x00000000dac00000)
 ParOldGen       total 87552K, used 2590K [0x0000000081600000, 0x0000000086b80000, 0x00000000d5d00000)
  object space 87552K, 2% used [0x0000000081600000,0x0000000081887968,0x0000000086b80000)
 Metaspace       used 19687K, capacity 20482K, committed 20736K, reserved 1067008K
  class space    used 2576K, capacity 2781K, committed 2816K, reserved 1048576K
}
Event: 6.106 GC heap before
{Heap before GC invocations=6 (full 0):
 PSYoungGen      total 38400K, used 38290K [0x00000000d5d00000, 0x00000000dac00000, 0x0000000100000000)
  eden space 33280K, 99% used [0x00000000d5d00000,0x00000000d7d6ade0,0x00000000d7d80000)
  from space 5120K, 99% used [0x00000000d7d80000,0x00000000d8279bd8,0x00000000d8280000)
  to   space 7168K, 0% used [0x00000000da500000,0x00000000da500000,0x00000000dac00000)
 ParOldGen       total 87552K, used 2590K [0x0000000081600000, 0x0000000086b80000, 0x00000000d5d00000)
  object space 87552K, 2% used [0x0000000081600000,0x0000000081887968,0x0000000086b80000)
 Metaspace       used 19688K, capacity 20482K, committed 20736K, reserved 1067008K
  class space    used 2576K, capacity 2781K, committed 2816K, reserved 1048576K
Event: 6.111 GC heap after
Heap after GC invocations=6 (full 0):
 PSYoungGen      total 73728K, used 5145K [0x00000000d5d00000, 0x00000000dac00000, 0x0000000100000000)
  eden space 66560K, 0% used [0x00000000d5d00000,0x00000000d5d00000,0x00000000d9e00000)
  from space 7168K, 71% used [0x00000000da500000,0x00000000daa06618,0x00000000dac00000)
  to   space 7168K, 0% used [0x00000000d9e00000,0x00000000d9e00000,0x00000000da500000)
 ParOldGen       total 87552K, used 2598K [0x0000000081600000, 0x0000000086b80000, 0x00000000d5d00000)
  object space 87552K, 2% used [0x0000000081600000,0x0000000081889968,0x0000000086b80000)
 Metaspace       used 19688K, capacity 20482K, committed 20736K, reserved 1067008K
  class space    used 2576K, capacity 2781K, committed 2816K, reserved 1048576K
}
Event: 6.131 GC heap before
{Heap before GC invocations=7 (full 0):
 PSYoungGen      total 73728K, used 71600K [0x00000000d5d00000, 0x00000000dac00000, 0x0000000100000000)
  eden space 66560K, 99% used [0x00000000d5d00000,0x00000000d9de5d48,0x00000000d9e00000)
  from space 7168K, 71% used [0x00000000da500000,0x00000000daa06618,0x00000000dac00000)
  to   space 7168K, 0% used [0x00000000d9e00000,0x00000000d9e00000,0x00000000da500000)
 ParOldGen       total 87552K, used 2598K [0x0000000081600000, 0x0000000086b80000, 0x00000000d5d00000)
  object space 87552K, 2% used [0x0000000081600000,0x0000000081889968,0x0000000086b80000)
 Metaspace       used 19690K, capacity 20482K, committed 20736K, reserved 1067008K
  class space    used 2576K, capacity 2781K, committed 2816K, reserved 1048576K
Event: 6.136 GC heap after
Heap after GC invocations=7 (full 0):
 PSYoungGen      total 73728K, used 564K [0x00000000d5d00000, 0x00000000dee00000, 0x0000000100000000)
  eden space 66560K, 0% used [0x00000000d5d00000,0x00000000d5d00000,0x00000000d9e00000)
  from space 7168K, 7% used [0x00000000d9e00000,0x00000000d9e8d360,0x00000000da500000)
  to   space 7680K, 0% used [0x00000000de680000,0x00000000de680000,0x00000000dee00000)
 ParOldGen       total 87552K, used 7259K [0x0000000081600000, 0x0000000086b80000, 0x00000000d5d00000)
  object space 87552K, 8% used [0x0000000081600000,0x0000000081d16c30,0x0000000086b80000)
 Metaspace       used 19690K, capacity 20482K, committed 20736K, reserved 1067008K
  class space    used 2576K, capacity 2781K, committed 2816K, reserved 1048576K
}
Event: 6.267 GC heap before
{Heap before GC invocations=8 (full 0):
 PSYoungGen      total 73728K, used 67124K [0x00000000d5d00000, 0x00000000dee00000, 0x0000000100000000)
  eden space 66560K, 100% used [0x00000000d5d00000,0x00000000d9e00000,0x00000000d9e00000)
  from space 7168K, 7% used [0x00000000d9e00000,0x00000000d9e8d360,0x00000000da500000)
  to   space 7680K, 0% used [0x00000000de680000,0x00000000de680000,0x00000000dee00000)
 ParOldGen       total 87552K, used 7259K [0x0000000081600000, 0x0000000086b80000, 0x00000000d5d00000)
  object space 87552K, 8% used [0x0000000081600000,0x0000000081d16c30,0x0000000086b80000)
 Metaspace       used 19757K, capacity 20550K, committed 20736K, reserved 1067008K
  class space    used 2580K, capacity 2781K, committed 2816K, reserved 1048576K
Event: 6.270 GC heap after
Heap after GC invocations=8 (full 0):
 PSYoungGen      total 140288K, used 414K [0x00000000d5d00000, 0x00000000def00000, 0x0000000100000000)
  eden space 132608K, 0% used [0x00000000d5d00000,0x00000000d5d00000,0x00000000dde80000)
  from space 7680K, 5% used [0x00000000de680000,0x00000000de6e7968,0x00000000dee00000)
  to   space 8192K, 0% used [0x00000000dde80000,0x00000000dde80000,0x00000000de680000)
 ParOldGen       total 87552K, used 7573K [0x0000000081600000, 0x0000000086b80000, 0x00000000d5d00000)
  object space 87552K, 8% used [0x0000000081600000,0x0000000081d65490,0x0000000086b80000)
 Metaspace       used 19757K, capacity 20550K, committed 20736K, reserved 1067008K
  class space    used 2580K, capacity 2781K, committed 2816K, reserved 1048576K
}

